C51 COMPILER V9.01   UART_RX_CHAR                                                          09/15/2016 11:52:37 PAGE 1   


C51 COMPILER V9.01, COMPILATION OF MODULE UART_RX_CHAR
OBJECT MODULE PLACED IN UART_RX_Char.OBJ
COMPILER INVOKED BY: F:\51\C51\BIN\C51.EXE UART_RX_Char.c BROWSE DEBUG OBJECTEXTEND

line level    source

   1          #include<reg52.h>
   2          
   3          unsigned char Tx_Char[] = "shangchao\n";
   4          
   5          void Scon_Timer1_Init()                 //SCON和定时器1初始化
   6          {
   7   1              TMOD = 0X20;    //设置定时器1工作方式为2
   8   1              SCON = 0X50;    //设置串行控制寄存器工作方式为1
   9   1              TH1 = 0XFD;        //当定时器1选择工作方式1时，有两个8位的计数器，一个叫TH1,一个叫TL1
  10   1              TL1 = 0XFD;        //赋给这两个计数器数，然后他们开始进行数数从而达到定时的目的
  11   1              TR1 = 1;                         //控制定时器1工作与否
  12   1      }
  13          
  14          void Delay1ms(int i)                                     //延时函数
  15          {
  16   1          int j;
  17   1          for(; i > 0; i--)
  18   1          {
  19   2               for(j = 0; j < 110; j++);
  20   2          }
  21   1      }
  22          
  23          void Byte_Send(unsigned char byte)
  24          {
  25   1              //SBUF = byte;
  26   1              TI = 0;
  27   1              while(TI == 0)            //这一句非常重要,它使得字符不是一个一个(混乱)的输出，而是一块输出
  28   1              {
  29   2                      SBUF = byte;
  30   2              }
  31   1              //TI = 0;
  32   1      }
  33          
  34          void String_Send(unsigned char *Tx_Data)
  35          {         
  36   1              while(*Tx_Data != '\0')
  37   1              {
  38   2                      Byte_Send(*Tx_Data++);
  39   2              }
  40   1      }
  41          
  42          
  43          void main()                                                      //主函数
  44          {                                                
  45   1              Scon_Timer1_Init();
  46   1              while(1)
  47   1              {
  48   2                      String_Send(Tx_Char);
  49   2                      Delay1ms(1000);
  50   2              }
  51   1      }
  52          
  53          
  54          

C51 COMPILER V9.01   UART_RX_CHAR                                                          09/15/2016 11:52:37 PAGE 2   


MODULE INFORMATION:   STATIC OVERLAYABLE
   CODE SIZE        =    116    ----
   CONSTANT SIZE    =   ----    ----
   XDATA SIZE       =   ----    ----
   PDATA SIZE       =   ----    ----
   DATA SIZE        =     11       3
   IDATA SIZE       =   ----    ----
   BIT SIZE         =   ----    ----
END OF MODULE INFORMATION.


C51 COMPILATION COMPLETE.  0 WARNING(S),  0 ERROR(S)
