C51 COMPILER V9.01   LIGHT_LED                                                             05/10/2017 10:59:39 PAGE 1   


C51 COMPILER V9.01, COMPILATION OF MODULE LIGHT_LED
OBJECT MODULE PLACED IN light_led.OBJ
COMPILER INVOKED BY: F:\C51\BIN\C51.EXE light_led.c BROWSE DEBUG OBJECTEXTEND

line level    source

   1          #include<reg52.h>
   2          sbit HC595_SCK=P0^5;
   3          sbit HC595_RCK=P0^6;
   4          sbit HC595_DATA=P0^7;
   5          void main()
   6          {
   7   1              unsigned char i,Led8_One,Led8_Two;
   8   1              Led8_One=0x01;
   9   1              Led8_Two=0x01;
  10   1              HC595_RCK=0;
  11   1              while(1)
  12   1              {
  13   2                      //HC595_RCK=0;
  14   2                  //HC595_SCK=0;
  15   2                      for(i=0;i<8;i++)
  16   2                      {
  17   3                          HC595_SCK=0;
  18   3                              if(0!=(Led8_One&0x80))
  19   3                              {
  20   4                                      HC595_DATA=1;
  21   4                              }
  22   3                              else
  23   3                              {
  24   4                                      HC595_DATA=0;
  25   4                              }
  26   3                              Led8_One=Led8_One<<1;
  27   3                              HC595_SCK=1;
  28   3                      }
  29   2                      for(i=0;i<8;i++)
  30   2                      {
  31   3                              HC595_SCK=0;
  32   3                              if(0!=(Led8_Two&0x80))
  33   3                              {
  34   4                                      HC595_DATA=1;
  35   4                              }
  36   3                              else
  37   3                              {
  38   4                                      HC595_DATA=0;
  39   4                              }
  40   3                              Led8_Two=Led8_Two<<1;
  41   3                              HC595_SCK=1;
  42   3                      }
  43   2                      HC595_RCK=1;
  44   2              }
  45   1      }


MODULE INFORMATION:   STATIC OVERLAYABLE
   CODE SIZE        =     58    ----
   CONSTANT SIZE    =   ----    ----
   XDATA SIZE       =   ----    ----
   PDATA SIZE       =   ----    ----
   DATA SIZE        =   ----    ----
   IDATA SIZE       =   ----    ----
   BIT SIZE         =   ----    ----
C51 COMPILER V9.01   LIGHT_LED                                                             05/10/2017 10:59:39 PAGE 2   

END OF MODULE INFORMATION.


C51 COMPILATION COMPLETE.  0 WARNING(S),  0 ERROR(S)
