C51 COMPILER V9.01   SHU_MA_GUAN_HOMEWORK2                                                 08/03/2016 21:42:31 PAGE 1   


C51 COMPILER V9.01, COMPILATION OF MODULE SHU_MA_GUAN_HOMEWORK2
OBJECT MODULE PLACED IN Shu_Ma_Guan_homework2.OBJ
COMPILER INVOKED BY: F:\51\C51\BIN\C51.EXE Shu_Ma_Guan_homework2.c BROWSE DEBUG OBJECTEXTEND

line level    source

   1          #include<reg52.h>
   2          //定义引脚
   3          sbit HC595_RCK=P1^0;
   4          sbit HC595_SCK=P1^1;
   5          sbit HC595_DATA=P1^4;  
   6          code unsigned char Duan_chose[16]={0x3f,0x06,0x5b,0x4f,0x66,0x6d,0x7d,0x07,0x7f,0x6f,0x77,0x7c,0x39,0x5e,0
             -x79,0x71};
   7          code unsigned char Wei_chose[16]={0xfe,0xfd,0xfb,0xf7,0xef,0xdf,0xbf,0x7f,0xfe,0xfd,0xfb,0xf7,0xef,0xdf,0x
             -bf,0x7f};
   8          
   9          //code unsigned char Duan_chose2=0x06;
  10          //code unsigned char Wei_chose2=0xfe;
  11          
  12          
  13          //定义延时函数,注意这个函数中的j的值不再是110，经过调试之后发现j取200-255能使数字稍微缓慢变化
  14          void Delay_ms(unsigned char i)
  15          {
  16   1              unsigned int j;
  17   1              for(;i>0;i--)
  18   1              {
  19   2                      for(j=0;j<255;j++)
  20   2                      {
  21   3                      }       
  22   2              }
  23   1      } 
  24          //定义数码管数据传送函数
  25          void Shu_Ma_Guan_Data(unsigned char Shu_Ma_Duan,unsigned char Shu_Ma_Wei)
  26          {
  27   1              unsigned char i;
  28   1              HC595_RCK=0;
  29   1              for(i=0;i<8;i++)
  30   1              {
  31   2                      HC595_SCK=0;
  32   2                      if(0!=(Shu_Ma_Duan&0x80))
  33   2                      {
  34   3                              HC595_DATA=1;
  35   3                      }
  36   2                      else
  37   2                      {
  38   3                              HC595_DATA=0;
  39   3                      }
  40   2                      Shu_Ma_Duan=Shu_Ma_Duan<<1;
  41   2                      HC595_SCK=1;
  42   2              }
  43   1              for(i=0;i<8;i++)
  44   1              {
  45   2                      HC595_SCK=0;
  46   2                      if(0!=(Shu_Ma_Wei&0x80))
  47   2                      {
  48   3                              HC595_DATA=1;
  49   3                      }
  50   2                      else
  51   2                      {
  52   3                              HC595_DATA=0;
  53   3                      }
C51 COMPILER V9.01   SHU_MA_GUAN_HOMEWORK2                                                 08/03/2016 21:42:31 PAGE 2   

  54   2                      Shu_Ma_Wei=Shu_Ma_Wei<<1;
  55   2                      HC595_SCK=1;
  56   2              }
  57   1              HC595_RCK=1;
  58   1              HC595_RCK=0;
  59   1              
  60   1      //      HC595_SCK=0;
  61   1      //      HC595_DATA=0;
  62   1      }
  63          //主函数
  64          void main()
  65          {
  66   1              //Shu_Ma_Guan_Data(Duan_chose1,Wei_chose1);
  67   1         //   Delay_ms(1);
  68   1              while(1)
  69   1              {
  70   2                      unsigned char k;
  71   2                      for(k=0;k<15;k++)
  72   2                      {
  73   3                              Shu_Ma_Guan_Data(Duan_chose[k],Wei_chose[k]);
  74   3                              Delay_ms(500);
  75   3                      }
  76   2              
  77   2              } 
  78   1      }


MODULE INFORMATION:   STATIC OVERLAYABLE
   CODE SIZE        =    114    ----
   CONSTANT SIZE    =     32    ----
   XDATA SIZE       =   ----    ----
   PDATA SIZE       =   ----    ----
   DATA SIZE        =   ----       1
   IDATA SIZE       =   ----    ----
   BIT SIZE         =   ----    ----
END OF MODULE INFORMATION.


C51 COMPILATION COMPLETE.  0 WARNING(S),  0 ERROR(S)
