C51 COMPILER V9.01   LED_TO_CENTER                                                         10/31/2016 00:59:34 PAGE 1   


C51 COMPILER V9.01, COMPILATION OF MODULE LED_TO_CENTER
OBJECT MODULE PLACED IN .\output\led_to_center.obj
COMPILER INVOKED BY: F:\51\C51\BIN\C51.EXE led_to_center.c BROWSE DEBUG OBJECTEXTEND OBJECT(.\output\led_to_center.obj)

line level    source

   1          #include<reg52.h>
   2          
   3          sbit HC595_SCK = P0^5;
   4          sbit HC595_RCK = P0^6;
   5          sbit HC595_DATA = P0^7;
   6          
   7          
   8          //code unsigned char Led_One[16] = {0x00,0x00,0x00,0x00,0x00,0x00,0x00,0x00,0x80,0x40,0x20,0x10,0x08,0x04,
             -0x02,0x01};
   9          //code unsigned char Led_Two[16] = {0x80,0x40,0x20,0x10,0x08,0x04,0x02,0x01,0x00,0x00,0x00,0x00,0x00,0x00,
             -0x00,0x00};
  10          
  11          code unsigned char Led_One[16] = {0x01,0x02,0x04,0x08,0x10,0x20,0x40,0x80,0x80,0x40,0x20,0x10,0x08,0x04,0x
             -02,0x01};
  12          code unsigned char Led_Two[16] = {0x80,0x40,0x20,0x10,0x08,0x04,0x02,0x01,0x01,0x02,0x04,0x08,0x10,0x20,0x
             -40,0x80};
  13          
  14          void Send_data(unsigned char Led8_one,unsigned char Led8_two)
  15          {
  16   1              unsigned char i;
  17   1              HC595_RCK = 0;
  18   1              for(i = 0;i < 8;i++)
  19   1              {
  20   2                      HC595_SCK = 0;
  21   2                      if(0 != (Led8_one&0x80))
  22   2                      {
  23   3                              HC595_DATA = 1;
  24   3                      }
  25   2                      else
  26   2                      {
  27   3                              HC595_DATA = 0;
  28   3                      }
  29   2                      Led8_one = Led8_one << 1;
  30   2                      HC595_SCK = 1;
  31   2              }
  32   1              for(i = 0;i < 8;i++)
  33   1              {
  34   2                      HC595_SCK = 0;
  35   2                      if(0 != (Led8_two&0x80))
  36   2                      {
  37   3                              HC595_DATA = 1;
  38   3                      }
  39   2                      else
  40   2                      {
  41   3                              HC595_DATA = 0;
  42   3                      }
  43   2                      Led8_two = Led8_two << 1;
  44   2                      HC595_SCK = 1;
  45   2              }
  46   1              HC595_RCK = 1;
  47   1      }               
  48          
  49          void Delay_1ms(int i)
  50          {
  51   1              int j;
C51 COMPILER V9.01   LED_TO_CENTER                                                         10/31/2016 00:59:34 PAGE 2   

  52   1              for(;i > 0;i--)
  53   1              {
  54   2                      for(j = 0;j < 110;j++)
  55   2                      {}
  56   2              }
  57   1      }                       
  58          
  59          void main()
  60          {
  61   1              unsigned char k;
  62   1      /*      for(k = 0;k < 8;k++)
  63   1              {       
  64   1                      Send_data(Led_One[15-k],Led_Two[k]);
  65   1                      Delay_1ms(1000);
  66   1              } */
  67   1              //µÚ¶þ¸ö°æ±¾£¬²»ÊÇÔÙ´ÓÍ·ÖØÐÂÀ´¹ý£¬¶øÊÇ½»´í¹ýÈ¥£¬¼ÌÐøÍùÏÂÁÁ,È»¶øÏë·¨ÊÇ´íÎóµÄ£¬ÒòÎªk´Ó8Ö®ºó¾Í½øÈëÁËÁ½×éledµ
             -ÄÓÀÔ¶ÎªÁãµÄÊý×éÖµ
  68   1              for(k = 0;k < 16;k++)
  69   1              {       
  70   2                      Send_data(Led_One[15-k],Led_Two[k]);
  71   2                      Delay_1ms(1000);
  72   2              }
  73   1      }


MODULE INFORMATION:   STATIC OVERLAYABLE
   CODE SIZE        =    133    ----
   CONSTANT SIZE    =     32    ----
   XDATA SIZE       =   ----    ----
   PDATA SIZE       =   ----    ----
   DATA SIZE        =   ----    ----
   IDATA SIZE       =   ----    ----
   BIT SIZE         =   ----    ----
END OF MODULE INFORMATION.


C51 COMPILATION COMPLETE.  0 WARNING(S),  0 ERROR(S)
