C51 COMPILER V9.01   INDEPENDENT_BUTTON                                                    11/19/2016 14:43:31 PAGE 1   


C51 COMPILER V9.01, COMPILATION OF MODULE INDEPENDENT_BUTTON
OBJECT MODULE PLACED IN .\output\Independent_button.obj
COMPILER INVOKED BY: F:\51\C51\BIN\C51.EXE Independent_button.c BROWSE DEBUG OBJECTEXTEND OBJECT(.\output\Independent_bu
                    -tton.obj)

line level    source

   1          #include<reg52.h>
   2          
   3          /*对四个独立按键进行IO口设置*/
   4          sbit sw_17 = P2^3;//KEY4
   5          sbit sw_18 = P2^2;//KEY3
   6          sbit sw_19 = P2^1;//KEY2
   7          sbit sw_20 = P2^0;//KEY1
   8          sbit down_flag = P3^2;//按键按下标志位   并且P3^2是外部中断0的口
   9          
  10          /*数码管对应寄存器设置*/
  11          sbit HC595_SCK = P1^1;
  12          sbit HC595_RCK = P1^0;
  13          sbit HC595_DATA = P1^4;
  14          
  15          /*数码管位选和段选表*/
  16          code unsigned char Duan_choose[5] = {0x06,0x5b,0x4f,0x66,0x3f};
  17          code unsigned char Wei_choose[4] =  {0xfe,0xfd,0xfb,0xf7};
  18          
  19          unsigned char i;//对应独立按键按下
  20          /*数码管发送数据函数*/
  21          void Send_data(unsigned char duan,unsigned char wei)
  22          {
  23   1              unsigned char i;           //还是用hc595移位寄存器来进行操作，参照着数码管的原理与时序来写程序
  24   1              HC595_RCK = 0;
  25   1              for(i = 0;i < 8;i++)
  26   1              {
  27   2                      HC595_SCK = 0;
  28   2                      if(0 != (duan&0x80))
  29   2                      {
  30   3                              HC595_DATA = 1;
  31   3                      }
  32   2                      else
  33   2                      {
  34   3                              HC595_DATA = 0;
  35   3                      }
  36   2                      HC595_SCK = 1;
  37   2                      duan = duan << 1;
  38   2              }
  39   1              for(i = 0;i < 8;i++)
  40   1              {
  41   2                      HC595_SCK = 0;
  42   2                      if(0 != (wei&0x80))
  43   2                      {
  44   3                              HC595_DATA = 1;
  45   3                      }
  46   2                      else 
  47   2                      {
  48   3                              HC595_DATA = 0;
  49   3                      }
  50   2                      HC595_SCK = 1;
  51   2                      wei = wei << 1;
  52   2              }
  53   1              HC595_RCK = 1;
  54   1      }
C51 COMPILER V9.01   INDEPENDENT_BUTTON                                                    11/19/2016 14:43:31 PAGE 2   

  55          
  56          
  57          /*判断是否有独立按键按下，并且判断是哪个按键被按下*/
  58          void Which_down()
  59          {
  60   1              if(0 == down_flag)
  61   1              {
  62   2                      down_flag = 1;
  63   2                      if(sw_17 == 0)
  64   2                      {
  65   3                              if(sw_17 == 0)
  66   3                              {
  67   4                                      i = 0;
  68   4                              }
  69   3                      }
  70   2                      if(sw_18 == 0)
  71   2                      {
  72   3                              if(sw_18 == 0)
  73   3                              {
  74   4                                      i = 1;
  75   4                              }
  76   3                      }
  77   2                      if(sw_19 == 0)
  78   2                      {
  79   3                              if(sw_19 == 0)
  80   3                              {
  81   4                                      i = 2;
  82   4                              }
  83   3                      }
  84   2                      if(sw_20 == 0)
  85   2                      {
  86   3                              if(sw_20 == 0)
  87   3                              {
  88   4                                      i = 3;
  89   4                              }
  90   3                      }
  91   2              }
  92   1      }
  93          
  94          
  95          /*中断初始化函数*/
  96          void Init_interrupt()
  97          {
  98   1              EA = 1;
  99   1              EX0 = 1;
 100   1              IT0 = 0;//独立式按键的中断请求控制方式是低电平有效，电平触发方式
 101   1      }
 102          
 103          
 104          /*主函数*/
 105          void main()
 106          {
 107   1              Init_interrupt();
 108   1              Send_data(Duan_choose[4],Wei_choose[0]);
 109   1              while(1)
 110   1              {
 111   2                      Which_down();
 112   2              }
 113   1      }
 114          
 115          
 116          /*外部中断0  因为按键按下是一个外部中断*/
C51 COMPILER V9.01   INDEPENDENT_BUTTON                                                    11/19/2016 14:43:31 PAGE 3   

 117          void interrupt_0() interrupt 0
 118          {
 119   1              Send_data(Duan_choose[i],Wei_choose[i]);
 120   1      }


MODULE INFORMATION:   STATIC OVERLAYABLE
   CODE SIZE        =    172    ----
   CONSTANT SIZE    =      9    ----
   XDATA SIZE       =   ----    ----
   PDATA SIZE       =   ----    ----
   DATA SIZE        =      1    ----
   IDATA SIZE       =   ----    ----
   BIT SIZE         =   ----    ----
END OF MODULE INFORMATION.


C51 COMPILATION COMPLETE.  0 WARNING(S),  0 ERROR(S)
