C51 COMPILER V9.01   LCD1602                                                               11/26/2016 01:17:00 PAGE 1   


C51 COMPILER V9.01, COMPILATION OF MODULE LCD1602
OBJECT MODULE PLACED IN .\output\lcd1602.obj
COMPILER INVOKED BY: F:\51\C51\BIN\C51.EXE source\lcd1602.c BROWSE DEBUG OBJECTEXTEND PRINT(.\lcd1602.lst) OBJECT(.\outp
                    -ut\lcd1602.obj)

line level    source

   1          
   2          /*lcd1602相关函数*/
   3          #include "inc/lcd1602.h"
   4          #include "inc/ds1302.h"
   5          #include "reg52.h"
   6          
   7          
   8          /*lcd1602引脚初始化*/
   9          sbit RS = P1^2; 
  10          sbit RW = P1^3;
  11          sbit E =  P1^4;
  12          sbit if_busy = P0^7;
  13          
  14          /*在每次对1602操作之前都要进行P0^7位的判忙*/ 
  15          void IF_busy()
  16          {
  17   1              P0 = 0xff;
  18   1              do                              //读状态
  19   1              {
  20   2                      RS = 0;
  21   2                      RW = 1;
  22   2                      E = 0;
  23   2                      E = 1;          
  24   2              }while(if_busy == 1);
  25   1              E = 0;
  26   1      } 
  27          
  28          /*1602写指令*/
  29          void write_command_1602(unsigned char command)
  30          {
  31   1              IF_busy();
  32   1              RS = 0;
  33   1              RW = 0;
  34   1              P0 = command;
  35   1              E = 1;
  36   1              E = 0;
  37   1      }
  38          
  39          /*1602写数据*/
  40          void write_data_1602(unsigned char Data)
  41          {
  42   1              IF_busy();
  43   1              RS = 1;
  44   1              RW = 0;
  45   1              P0 = Data;
  46   1              E = 1;
  47   1              E = 0;
  48   1      }
  49          
  50          /*lcd1602初始化函数*/
  51          void Init_1602()
  52          {
  53   1              E = 0;
  54   1              write_command_1602(0x38);
C51 COMPILER V9.01   LCD1602                                                               11/26/2016 01:17:00 PAGE 2   

  55   1              write_command_1602(0x06);
  56   1              write_command_1602(0x0c);
  57   1              write_command_1602(0x01);
  58   1      }
  59          
  60          /*向1602中写入字符串*/
  61          void write_string(unsigned char addr_start,unsigned char display)
  62          {
  63   1      
  64   1              write_command_1602(addr_start);
  65   1      
  66   1              write_data_1602(display);
  67   1      }
  68          


MODULE INFORMATION:   STATIC OVERLAYABLE
   CODE SIZE        =     77    ----
   CONSTANT SIZE    =   ----    ----
   XDATA SIZE       =   ----    ----
   PDATA SIZE       =   ----    ----
   DATA SIZE        =   ----    ----
   IDATA SIZE       =   ----    ----
   BIT SIZE         =   ----    ----
END OF MODULE INFORMATION.


C51 COMPILATION COMPLETE.  0 WARNING(S),  0 ERROR(S)
