C51 COMPILER V9.01   MAIN                                                                  11/30/2016 00:16:50 PAGE 1   


C51 COMPILER V9.01, COMPILATION OF MODULE MAIN
OBJECT MODULE PLACED IN .\output\main.obj
COMPILER INVOKED BY: F:\51\C51\BIN\C51.EXE source\main.c BROWSE DEBUG OBJECTEXTEND PRINT(.\main.lst) OBJECT(.\output\mai
                    -n.obj)

line level    source

   1          #include<reg52.h>
   2          #include<INTRINS.h>
   3          #include "inc/lcd1602.h"
   4          #include "inc/ds1302.h"
   5          #include "inc/i2ceeprom.h"
   6          #include "inc/hc595.h"
   7          
   8          
   9          /*定义ds1302  RAM中读、写地址起始位*/
  10          #define write_addr 0x80;
  11          #define read_addr  0x81;
  12          
  13          unsigned char time[] = {55,16,0,30,11,4,16};//定义ds1302初始化的时间
  14          
  15          unsigned char second = 59,minute = 59,hour = 11,day = 25,mouth = 11,week = 3,year = 16;
  16          
  17          extern unsigned char addr = 0x01;//器件起始地址
  18          
  19          unsigned int num = 1;
  20          
  21          unsigned char first_start_flag;
  22          
  23          code unsigned char Duan_choose[16] = {0x3f,0x06,0x5b,0x4f,0x66,0x6d,0x7d,0x07,0x7f,0x6f,0x77,0x7c,0x39,0x5
             -e,0x79,0x71};
  24          code unsigned char Wei_choose[16] =  {0xfe,0xfd,0xfb,0xf7,0xef,0xdf,0xbf,0x7f,0xfe,0xfd,0xfb,0xf7,0xef,0xd
             -f,0xbf,0x7f};
  25          
  26          void Delay(unsigned int i)
  27          {
  28   1              unsigned char j;
  29   1              for(;i > 0;i--)
  30   1              {
  31   2                      for(j = 0;j<110;j++)
  32   2                      {}
  33   2              }
  34   1      }
  35          
  36          
  37          
  38          void main()
  39          {
  40   1              unsigned char i;
  41   1              Init_1602();
  42   1              InitI2C();
  43   1              
  44   1              addr = 0x01;
  45   1              first_start_flag = read_ds1302(0xc1);//读取ds1302是否是初次初始化,0位初次启动，1为非初次启动
  46   1      
  47   1              if(!first_start_flag)
  48   1              {
  49   2                      first_start_flag = 1;
  50   2                      read_time_ds1302(&time);
  51   2                      set_time_ds1302(&time);
  52   2                      
C51 COMPILER V9.01   MAIN                                                                  11/30/2016 00:16:50 PAGE 2   

  53   2                      
  54   2              }
  55   1              while(1)
  56   1              {
  57   2                      read_time_ds1302(&time);
  58   2                      //第一行显示  年-月-日
  59   2                      write_string(0x80,'D');
  60   2                      write_string(0x81,'A');
  61   2                      write_string(0x82,'T');
  62   2                      write_string(0x83,'E');                                                                                 
  63   2                      write_string(0x85,time[6]/10+'0');
  64   2                      write_string(0x86,time[6]%10+'0');
  65   2                      write_string(0x87,'-');
  66   2                      write_string(0x88,time[4]/10+'0');
  67   2                      write_string(0x89,time[4]%10+'0');
  68   2                      write_string(0x8a,'-');
  69   2                      write_string(0x8b,time[3]/10+'0');
  70   2                      write_string(0x8c,time[3]%10+'0');
  71   2                      //第二行显示   时-分-秒
  72   2                      write_string(0xc0,'T');
  73   2                      write_string(0xc1,'I');
  74   2                      write_string(0xc2,'M');
  75   2                      write_string(0xc3,'E');
  76   2                      write_string(0xc5,time[2]/10+'0');
  77   2                      write_string(0xc6,time[2]%10+'0');
  78   2                      write_string(0xc7,':');
  79   2                      write_string(0xc8,time[1]/10+'0');
  80   2                      write_string(0xc9,time[1]%10+'0');
  81   2                      write_string(0xca,':');
  82   2                      write_string(0xcb,time[0]/10+'0');
  83   2                      write_string(0xcc,time[0]%10+'0');
  84   2              }
  85   1      }
*** WARNING C280 IN LINE 40 OF SOURCE\MAIN.C: 'i': unreferenced local variable


MODULE INFORMATION:   STATIC OVERLAYABLE
   CODE SIZE        =    339    ----
   CONSTANT SIZE    =     32    ----
   XDATA SIZE       =   ----    ----
   PDATA SIZE       =   ----    ----
   DATA SIZE        =     18       1
   IDATA SIZE       =   ----    ----
   BIT SIZE         =   ----    ----
END OF MODULE INFORMATION.


C51 COMPILATION COMPLETE.  1 WARNING(S),  0 ERROR(S)
