C51 COMPILER V9.01   TIMER_LED                                                             11/01/2016 15:12:25 PAGE 1   


C51 COMPILER V9.01, COMPILATION OF MODULE TIMER_LED
OBJECT MODULE PLACED IN .\OUTPUT\Timer_led.obj
COMPILER INVOKED BY: F:\51\C51\BIN\C51.EXE Timer_led.c BROWSE DEBUG OBJECTEXTEND OBJECT(.\OUTPUT\Timer_led.obj)

line level    source

   1          #include<reg52.h>
   2          
   3          unsigned char num = 0;
   4          unsigned char k = 0;
   5          sbit HC595_SCK = P0^5;
   6          sbit HC595_RCK = P0^6;
   7          sbit HC595_DATA = P0^7;
   8          //对应的led序号是：
   9          code unsigned char Led_One[16] = {0x00,0x00,0x00,0x00,0x00,0x00,0x00,0x00,0x80,0x40,0x20,0x10,0x08,0x04,0x
             -02,0x01};
  10          code unsigned char Led_Two[16] = {0x80,0x40,0x20,0x10,0x08,0x04,0x02,0x01,0x00,0x00,0x00,0x00,0x00,0x00,0x
             -00,0x00};
  11          //依次对应的led序号是：
  12          
  13          void Send_data(unsigned char Led8_one,unsigned char Led8_two)
  14          {
  15   1              unsigned char i;
  16   1              HC595_RCK = 0;
  17   1              for(i = 0;i < 8;i++)
  18   1              {
  19   2                      HC595_SCK = 0;
  20   2                      if(0 != (Led8_one&0x80))
  21   2                      {
  22   3                              HC595_DATA = 1;
  23   3                      }
  24   2                      else
  25   2                      {
  26   3                              HC595_DATA = 0;
  27   3                      }
  28   2                      Led8_one = Led8_one << 1;
  29   2                      HC595_SCK = 1;
  30   2              }
  31   1              for(i = 0;i < 8;i++)
  32   1              {
  33   2                      HC595_SCK = 0;
  34   2                      if(0 != (Led8_two&0x80))
  35   2                      {
  36   3                              HC595_DATA = 1;
  37   3                      }
  38   2                      else
  39   2                      {
  40   3                              HC595_DATA = 0;
  41   3                      }
  42   2                      Led8_two = Led8_two << 1;
  43   2                      HC595_SCK = 1;
  44   2              }
  45   1              HC595_RCK = 1;
  46   1      }
  47          
  48                          
  49          void Timer1_Init()
  50          {
  51   1              TMOD = 0X10;
  52   1              TH1 = 0x4c;
  53   1              TL1 = 0x00;
C51 COMPILER V9.01   TIMER_LED                                                             11/01/2016 15:12:25 PAGE 2   

  54   1              EA = 1;
  55   1              ET1 = 1;
  56   1              TR1 = 1;
  57   1      }
  58          
  59          void  main()
  60          {
  61   1              Timer1_Init();
  62   1              while(1)
  63   1              {}
  64   1      }
  65          
  66          void interrupt_T1()  interrupt 3
  67          {
  68   1              TH1 = 0x4c;
  69   1              TL1 = 0x00;
  70   1              if(num == 20)
  71   1              {
  72   2                      Send_data(Led_One[k],Led_Two[k]);
  73   2                      if(k == 15)
  74   2                      {
  75   3                              k = 0;
  76   3                              //Send_data(Led_One[0],Led_Two[15]);
  77   3                              Send_data(Led_One[0],Led_Two[15]);
  78   3                      }
  79   2                      else
  80   2                      {
  81   3                              k++;
  82   3                      }
  83   2                      num = 0;
  84   2              }
  85   1              else
  86   1              {
  87   2                      num++;
  88   2              }
  89   1      }
  90          


MODULE INFORMATION:   STATIC OVERLAYABLE
   CODE SIZE        =    169    ----
   CONSTANT SIZE    =     32    ----
   XDATA SIZE       =   ----    ----
   PDATA SIZE       =   ----    ----
   DATA SIZE        =      2    ----
   IDATA SIZE       =   ----    ----
   BIT SIZE         =   ----    ----
END OF MODULE INFORMATION.


C51 COMPILATION COMPLETE.  0 WARNING(S),  0 ERROR(S)
