C51 COMPILER V9.01   DELAY                                                                 09/09/2016 23:08:51 PAGE 1   


C51 COMPILER V9.01, COMPILATION OF MODULE DELAY
OBJECT MODULE PLACED IN .\output\delay.obj
COMPILER INVOKED BY: F:\51\C51\BIN\C51.EXE source\delay.c BROWSE DEBUG OBJECTEXTEND PRINT(.\delay.lst) OBJECT(.\output\d
                    -elay.obj)

line level    source

   1          #include "include/delay.h"
   2          
   3          void delay1ms(int i)                                               //原来把延时函数写错了
   4          {                                                                                          //把i和j的循环搞反了
   5   1              int j;
   6   1              for(;i > 0;i--)
   7   1              {
   8   2                      for(j = 0;j < 110;j++);
   9   2              }
  10   1      }


MODULE INFORMATION:   STATIC OVERLAYABLE
   CODE SIZE        =     33    ----
   CONSTANT SIZE    =   ----    ----
   XDATA SIZE       =   ----    ----
   PDATA SIZE       =   ----    ----
   DATA SIZE        =   ----    ----
   IDATA SIZE       =   ----    ----
   BIT SIZE         =   ----    ----
END OF MODULE INFORMATION.


C51 COMPILATION COMPLETE.  0 WARNING(S),  0 ERROR(S)
