C51 COMPILER V9.01   HC595                                                                 09/09/2016 23:20:47 PAGE 1   


C51 COMPILER V9.01, COMPILATION OF MODULE HC595
OBJECT MODULE PLACED IN .\output\hc595.obj
COMPILER INVOKED BY: F:\51\C51\BIN\C51.EXE source\hc595.c BROWSE DEBUG OBJECTEXTEND PRINT(.\hc595.lst) OBJECT(.\output\h
                    -c595.obj)

line level    source

   1          #include "reg51.h"
   2          #include "include/hc595.h"
   3          //Led部分的寄存器与I/O口接口方式
   4          sbit HC595_SCK = P0^5;
   5          sbit HC595_RCK = P0^6;
   6          sbit HC595_DATA = P0^7;
   7          
   8          void Send_Data(unsigned int Data_One,unsigned int Data_Two)
   9          {
  10   1              unsigned int i;
  11   1              HC595_RCK = 0;
  12   1              for(i = 0;i < 8;i++)
  13   1              {
  14   2                      HC595_SCK = 0;
  15   2                      if(0 != (Data_One&0x80))
  16   2                      {
  17   3                              HC595_DATA = 1;
  18   3                      }                                  
  19   2                      else
  20   2                      {
  21   3                              HC595_DATA = 0;
  22   3                      }
  23   2                      HC595_SCK = 1;
  24   2                      Data_One = Data_One << 1;               //  <<是左移运算符,所有的为向左移动，溢出的删去，右边补0
  25   2              }
  26   1              for(i = 0;i < 8;i++)
  27   1              {
  28   2                      HC595_SCK = 0;
  29   2                      if(0 != (Data_Two&0x80))    //&按位与，同真为真，有一个是假则为假
  30   2                      {
  31   3                              HC595_DATA = 1;
  32   3                      }
  33   2                      else
  34   2                      {
  35   3                              HC595_DATA = 0;
  36   3                      }
  37   2                      HC595_SCK = 1;
  38   2                      Data_Two = Data_Two << 1;
  39   2              }
  40   1              HC595_RCK = 1;
  41   1      }


MODULE INFORMATION:   STATIC OVERLAYABLE
   CODE SIZE        =     75    ----
   CONSTANT SIZE    =   ----    ----
   XDATA SIZE       =   ----    ----
   PDATA SIZE       =   ----    ----
   DATA SIZE        =   ----    ----
   IDATA SIZE       =   ----    ----
   BIT SIZE         =   ----    ----
END OF MODULE INFORMATION.


C51 COMPILATION COMPLETE.  0 WARNING(S),  0 ERROR(S)
