C51 COMPILER V9.01   INDEPENDENT_BUTTON                                                    09/10/2016 10:01:51 PAGE 1   


C51 COMPILER V9.01, COMPILATION OF MODULE INDEPENDENT_BUTTON
OBJECT MODULE PLACED IN .\output\Independent_Button.obj
COMPILER INVOKED BY: F:\51\C51\BIN\C51.EXE source\Independent_Button.c BROWSE DEBUG OBJECTEXTEND PRINT(.\Independent_But
                    -ton.lst) OBJECT(.\output\Independent_Button.obj)

line level    source

   1          #include<reg51.h>    //区别于reg52.h，是reg52.h的子集，
   2          //reg51.h包含的是任何一种51单片机都有的sfr，而reg52.h是reg51.h的扩充
   3          //#include<reg52.h>
   4          #include "include/main.h"
   5          #include "include/hc595.h"       //若果调用的是.c文件是不是也可以呢？
   6          #include "include/delay.h"
   7          #include <intrins.h>
   8          
   9          
  10          //中断程序  当检测到有按键按下的时候，在激发中断程序
  11          
  12          void Interrupt_Led()  interrupt 0 using 0
  13          {
  14   1              
  15   1              //P2 = 0xff;
  16   1              if(P2 != 0xff)
  17   1              {
  18   2                      if(0xf7 == P2)
  19   2                      {
  20   3                              Display[0] = 0x01;
  21   3                      }
  22   2                      else if(0xfb == P2)
  23   2                      {
  24   3                              Display[0] = 0x02;
  25   3                      }
  26   2                      else if(0xfd == P2)
  27   2                      {
  28   3                              Display[0] = 0x04;
  29   3                      }
  30   2                      else if(0xfe == P2)
  31   2                      {
  32   3                              Display[0] = 0x08;
  33   3                      }
  34   2              }
  35   1              Send_Data(Display[0],0x00);             
  36   1      }
  37          
  38          void Init_Fun()
  39          {
  40   1              Send_Data(0x00,0x00);
  41   1      }
  42          
  43          
  44          void main(void)
  45          {
  46   1              P2 = 0xff;
  47   1              EA = 1;
  48   1              IT0 = 0;
  49   1              EX0 = 1;        
  50   1              //Send_Data(0x00,0x00);
  51   1      
  52   1              Init_Fun();
  53   1              while(1)
  54   1              {
C51 COMPILER V9.01   INDEPENDENT_BUTTON                                                    09/10/2016 10:01:51 PAGE 2   

  55   2                      delay1ms(3000);
  56   2      
  57   2                      delay1ms(3000);
  58   2              }
  59   1      }
  60          
  61          


MODULE INFORMATION:   STATIC OVERLAYABLE
   CODE SIZE        =    113    ----
   CONSTANT SIZE    =     32    ----
   XDATA SIZE       =   ----    ----
   PDATA SIZE       =   ----    ----
   DATA SIZE        =     42    ----
   IDATA SIZE       =   ----    ----
   BIT SIZE         =      4    ----
END OF MODULE INFORMATION.


C51 COMPILATION COMPLETE.  0 WARNING(S),  0 ERROR(S)
