C51 COMPILER V9.01   LIANXI_1                                                              08/03/2016 21:34:29 PAGE 1   


C51 COMPILER V9.01, COMPILATION OF MODULE LIANXI_1
OBJECT MODULE PLACED IN lianxi_1.OBJ
COMPILER INVOKED BY: F:\51\C51\BIN\C51.EXE lianxi_1.c BROWSE DEBUG OBJECTEXTEND

line level    source

   1          #include<reg52.h>
   2          sbit HC595_SCK = P0^5;
   3          sbit HC595_RCK = P0^6;
   4          sbit HC595_DATA = P0^7;
   5          code unsigned char Led8_One_Array[16]={0x00,0x00,0x00,0x00,0x00,0x00,0x00,0x00,0x80,0x40,0x20,0x10,0x08,0x
             -04,0x02,0x01};
   6          code unsigned char Led8_Two_Array[16]={0x80,0x40,0x20,0x10,0x08,0x04,0x02,0x01,0x00,0x00,0x00,0x00,0x00,0x
             -00,0x00,0x00};
   7          void Send_Data(unsigned char Led8_One,unsigned char Led8_Two)
   8          {
   9   1              unsigned char i;
  10   1              HC595_RCK=0;
  11   1      //      HC595_SCK=0;   这个地方没有
  12   1              for(i=0;i<8;i++)
  13   1              {
  14   2                      HC595_SCK=0;//上面放的这一句应该写在这里，在每个for循环开始之前相当于初始化
  15   2                      if(0!=(Led8_One&0x80))
  16   2                      {
  17   3                              HC595_DATA=1;
  18   3                      }
  19   2                      else
  20   2                      {
  21   3                              HC595_DATA=0;
  22   3                      }
  23   2                      Led8_One=Led8_One<<1;//这一句也缺了
  24   2                      HC595_SCK=1;
  25   2              }       
  26   1              for(i=0;i<8;i++)
  27   1              {
  28   2                      HC595_SCK=0;//少了这个初始化
  29   2                      if(0!=(Led8_Two&0x80))
  30   2                      {
  31   3                              HC595_DATA=1;
  32   3                      }
  33   2                      else
  34   2                      {
  35   3                              HC595_DATA=0;
  36   3                      }
  37   2                      Led8_Two=Led8_Two<<1;
  38   2                      HC595_SCK=1;
  39   2              }
  40   1              HC595_RCK=1;
  41   1      }
  42          void delay_ms(int i)
  43          {
  44   1              //unsigned char j;       用unsigned char比用int变化得快
  45   1              int j;//正常写法是这样的
  46   1              for(i=i;i>0;i--)  //i=i可以省略
  47   1              {
  48   2                      for(j=0;j<110;j++)
  49   2                      {
  50   3                              
  51   3                      }
  52   2              }
  53   1      }
C51 COMPILER V9.01   LIANXI_1                                                              08/03/2016 21:34:29 PAGE 2   

  54          void main()
  55          {
  56   1              //unsigned char i,Led8_One=0x01,Led8_Two=0x00;
  57   1              unsigned char k;
  58   1              while(1)
  59   1              {
  60   2                      for(k=0;k<16;k++)
  61   2                      {
  62   3                              Send_Data(Led8_One_Array[k],Led8_Two_Array[k]);
  63   3                              delay_ms(1000);
  64   3                      }
  65   2              }       
  66   1                      
  67   1      }


MODULE INFORMATION:   STATIC OVERLAYABLE
   CODE SIZE        =    116    ----
   CONSTANT SIZE    =     32    ----
   XDATA SIZE       =   ----    ----
   PDATA SIZE       =   ----    ----
   DATA SIZE        =   ----    ----
   IDATA SIZE       =   ----    ----
   BIT SIZE         =   ----    ----
END OF MODULE INFORMATION.


C51 COMPILATION COMPLETE.  0 WARNING(S),  0 ERROR(S)
