C51 COMPILER V9.01   SINGLE_SHOW                                                           10/31/2016 23:48:24 PAGE 1   


C51 COMPILER V9.01, COMPILATION OF MODULE SINGLE_SHOW
OBJECT MODULE PLACED IN .\output\single_show.obj
COMPILER INVOKED BY: F:\51\C51\BIN\C51.EXE single_show.c BROWSE DEBUG OBJECTEXTEND OBJECT(.\output\single_show.obj)

line level    source

   1          #include<reg52.h>
   2          
   3          sbit HC595_SCK = P1^1;
   4          sbit HC595_RCK = P1^0;
   5          sbit HC595_DATA = P1^4;
   6          
   7          code unsigned char Duan_choose[8] = {0x06,0x5b,0x4f,0x66,0x6d,0x7d,0x07,0x7f};
   8          code unsigned char Wei_choose[8] = {0xfe,0xfd,0xfb,0xf7,0xef,0xdf,0xbf,0x7f};
   9          
  10          void Send_data(unsigned char duan,unsigned char wei)
  11          {
  12   1              unsigned char i;
  13   1              HC595_RCK = 0;
  14   1              for(i = 0;i < 8;i++)
  15   1              {
  16   2                      HC595_SCK = 0;
  17   2                      if(0 != (duan&0x80))
  18   2                      {
  19   3                              HC595_DATA = 1;
  20   3                      }
  21   2                      else
  22   2                      {
  23   3                              HC595_DATA = 0;
  24   3                      }
  25   2                      HC595_SCK = 1;
  26   2                      duan = duan << 1;
  27   2              }
  28   1              for(i = 0;i < 8;i++)
  29   1              {
  30   2                      HC595_SCK = 0;
  31   2                      if(0 != (wei&0x80))
  32   2                      {
  33   3                              HC595_DATA = 1;
  34   3                      }
  35   2                      else 
  36   2                      {
  37   3                              HC595_DATA = 0;
  38   3                      }
  39   2                      HC595_SCK = 1;
  40   2                      wei = wei << 1;
  41   2              }
  42   1              HC595_RCK = 1;
  43   1      }
  44          
  45          void Delay(unsigned int i)
  46          {
  47   1              unsigned char j;
  48   1              for(;i > 0;i--)
  49   1              {
  50   2                      for(j = 0;j < 110;j++)
  51   2                      {}
  52   2              }
  53   1      }
  54          
  55          void main()
C51 COMPILER V9.01   SINGLE_SHOW                                                           10/31/2016 23:48:24 PAGE 2   

  56          {
  57   1              unsigned char k;
  58   1              while(1)
  59   1              {
  60   2                      for(k = 0; k < 8;k++)
  61   2                      {
  62   3                              Send_data(Duan_choose[k],Wei_choose[k]);
  63   3                              Delay(2000);
  64   3                      }
  65   2              }
  66   1      }               


MODULE INFORMATION:   STATIC OVERLAYABLE
   CODE SIZE        =    106    ----
   CONSTANT SIZE    =     16    ----
   XDATA SIZE       =   ----    ----
   PDATA SIZE       =   ----    ----
   DATA SIZE        =   ----    ----
   IDATA SIZE       =   ----    ----
   BIT SIZE         =   ----    ----
END OF MODULE INFORMATION.


C51 COMPILATION COMPLETE.  0 WARNING(S),  0 ERROR(S)
