C51 COMPILER V9.01   A_F_0_7                                                               11/01/2016 00:18:24 PAGE 1   


C51 COMPILER V9.01, COMPILATION OF MODULE A_F_0_7
OBJECT MODULE PLACED IN .\output\a_f_0_7.obj
COMPILER INVOKED BY: F:\51\C51\BIN\C51.EXE a_f_0_7.c BROWSE DEBUG OBJECTEXTEND OBJECT(.\output\a_f_0_7.obj)

line level    source

   1          #include<reg52.h>
   2          
   3          sbit HC595_SCK = P1^1;
   4          sbit HC595_RCK = P1^0;
   5          sbit HC595_DATA = P1^4;
   6          
   7          code unsigned char Duan_choose[16] = {0x3f,0x06,0x5b,0x4f,0x66,0x6d,0x7d,0x07,0x7f,0x6f,0x77,0x7c,0x39,0x5
             -e,0x79,0x71};
   8          code unsigned char Wei_choose[16] =  {0xfe,0xfd,0xfb,0xf7,0xef,0xdf,0xbf,0x7f,0xfe,0xfd,0xfb,0xf7,0xef,0xd
             -f,0xbf,0x7f};
   9          
  10          void Send_data(unsigned char duan,unsigned char wei)
  11          {
  12   1              unsigned char i;           //还是用hc595移位寄存器来进行操作，参照着数码管的原理与时序来写程序
  13   1              HC595_RCK = 0;
  14   1              for(i = 0;i < 8;i++)
  15   1              {
  16   2                      HC595_SCK = 0;
  17   2                      if(0 != (duan&0x80))
  18   2                      {
  19   3                              HC595_DATA = 1;
  20   3                      }
  21   2                      else
  22   2                      {
  23   3                              HC595_DATA = 0;
  24   3                      }
  25   2                      HC595_SCK = 1;
  26   2                      duan = duan << 1;
  27   2              }
  28   1              for(i = 0;i < 8;i++)
  29   1              {
  30   2                      HC595_SCK = 0;
  31   2                      if(0 != (wei&0x80))
  32   2                      {
  33   3                              HC595_DATA = 1;
  34   3                      }
  35   2                      else 
  36   2                      {
  37   3                              HC595_DATA = 0;
  38   3                      }
  39   2                      HC595_SCK = 1;
  40   2                      wei = wei << 1;
  41   2              }
  42   1              HC595_RCK = 1;
  43   1      }
  44          
  45          void Delay(unsigned int i)
  46          {
  47   1              unsigned char j;
  48   1              for(;i > 0;i--)
  49   1              {
  50   2                      for(j = 0;j < 110;j++)
  51   2                      {}
  52   2              }
  53   1      }
C51 COMPILER V9.01   A_F_0_7                                                               11/01/2016 00:18:24 PAGE 2   

  54          
  55          void main()
  56          {
  57   1              unsigned char k;
  58   1              for(k = 0;k <= 15;k++)
  59   1              {
  60   2                      Send_data(Duan_choose[k],Wei_choose[k]);
  61   2                      Delay(2000);
  62   2              }
  63   1      }


MODULE INFORMATION:   STATIC OVERLAYABLE
   CODE SIZE        =    105    ----
   CONSTANT SIZE    =     32    ----
   XDATA SIZE       =   ----    ----
   PDATA SIZE       =   ----    ----
   DATA SIZE        =   ----    ----
   IDATA SIZE       =   ----    ----
   BIT SIZE         =   ----    ----
END OF MODULE INFORMATION.


C51 COMPILATION COMPLETE.  0 WARNING(S),  0 ERROR(S)
