C51 COMPILER V9.01   1602                                                                  11/24/2016 02:15:44 PAGE 1   


C51 COMPILER V9.01, COMPILATION OF MODULE 1602
OBJECT MODULE PLACED IN .\output\1602.obj
COMPILER INVOKED BY: F:\51\C51\BIN\C51.EXE 1602.c BROWSE DEBUG OBJECTEXTEND OBJECT(.\output\1602.obj)

line level    source

   1          #include<reg52.h>
   2          #include<INTRINS.h>
   3          sbit RS = P1^2; 
   4          sbit RW = P1^3;
   5          sbit E =  P1^4;
   6          sbit if_busy = P0^7;
   7          code unsigned char arry[9] = "shangchao";
   8          code unsigned char num[9] = {'1','2','3','4','5','6','7','8','9'};
   9          void IF_busy()
  10          {
  11   1              P0 = 0xff;
  12   1              do                              //¶Á×´Ì¬
  13   1              {
  14   2                      RS = 0;
  15   2                      RW = 1;
  16   2                      E = 0;
  17   2                      E = 1;          
  18   2              }while(if_busy == 1);
  19   1              E = 0;
  20   1      } 
  21          
  22          void Delay5us()         //@11.0592MHz
  23          {
  24   1              unsigned char i;
  25   1      
  26   1              _nop_();
  27   1              i = 11;
  28   1              while (--i);
  29   1      }
  30          
  31          void write_command(unsigned char command)
  32          {
  33   1              IF_busy();
  34   1              RS = 0;
  35   1              RW = 0;
  36   1              P0 = command;
  37   1              //Delay5us();
  38   1              E = 1;
  39   1              //Delay5us();
  40   1              E = 0;
  41   1      }
  42          
  43          void write_data(unsigned char Data)
  44          {
  45   1              IF_busy();
  46   1              RS = 1;
  47   1              RW = 0;
  48   1              P0 = Data;
  49   1      //      Delay5us();
  50   1              E = 1;
  51   1      //      Delay5us();
  52   1              E = 0;
  53   1      }
  54          
  55          void Init_1602()
C51 COMPILER V9.01   1602                                                                  11/24/2016 02:15:44 PAGE 2   

  56          {
  57   1              E = 0;
  58   1              write_command(0x38);
  59   1              write_command(0x06);
  60   1              write_command(0x0f);
  61   1              write_command(0x01);
  62   1      }
  63          
  64          void write_string(unsigned char addr_start, unsigned char table[])
  65          {
  66   1              unsigned char i;
  67   1              write_command(addr_start);
  68   1              for(i = 0;i < 9;i++)
  69   1              {
  70   2                      write_data(table[i]);
  71   2              }
  72   1      }
  73          
  74          
  75          void main()
  76          {
  77   1              Init_1602();
  78   1              write_string(0x80,arry);
  79   1              write_string(0x80+0x40,num);
  80   1              while(1);
  81   1      }


MODULE INFORMATION:   STATIC OVERLAYABLE
   CODE SIZE        =    134    ----
   CONSTANT SIZE    =     18    ----
   XDATA SIZE       =   ----    ----
   PDATA SIZE       =   ----    ----
   DATA SIZE        =   ----       3
   IDATA SIZE       =   ----    ----
   BIT SIZE         =   ----    ----
END OF MODULE INFORMATION.


C51 COMPILATION COMPLETE.  0 WARNING(S),  0 ERROR(S)
