C51 COMPILER V9.01   HC595                                                                 11/25/2016 22:59:05 PAGE 1   


C51 COMPILER V9.01, COMPILATION OF MODULE HC595
OBJECT MODULE PLACED IN .\output\hc595.obj
COMPILER INVOKED BY: F:\51\C51\BIN\C51.EXE source\hc595.c BROWSE DEBUG OBJECTEXTEND PRINT(.\hc595.lst) OBJECT(.\output\h
                    -c595.obj)

line level    source

   1          
   2          #include<reg52.h> 
   3          #include "inc/hc595.h"
   4          
   5          sbit HC595_SCK = P1^1;
   6          sbit HC595_RCK = P1^0;
   7          sbit HC595_DATA = P1^4;
   8          
   9          
  10          void Send_data(unsigned char duan,unsigned char wei)
  11          {
  12   1              unsigned char i;           //还是用hc595移位寄存器来进行操作，参照着数码管的原理与时序来写程序
  13   1              HC595_RCK = 0;
  14   1              for(i = 0;i < 8;i++)
  15   1              {
  16   2                      HC595_SCK = 0;
  17   2                      if(0 != (duan&0x80))
  18   2                      {
  19   3                              HC595_DATA = 1;
  20   3                      }
  21   2                      else
  22   2                      {
  23   3                              HC595_DATA = 0;
  24   3                      }
  25   2                      HC595_SCK = 1;
  26   2                      duan = duan << 1;
  27   2              }
  28   1              for(i = 0;i < 8;i++)
  29   1              {
  30   2                      HC595_SCK = 0;
  31   2                      if(0 != (wei&0x80))
  32   2                      {
  33   3                              HC595_DATA = 1;
  34   3                      }
  35   2                      else 
  36   2                      {
  37   3                              HC595_DATA = 0;
  38   3                      }
  39   2                      HC595_SCK = 1;
  40   2                      wei = wei << 1;
  41   2              }
  42   1              HC595_RCK = 1;
  43   1      }


MODULE INFORMATION:   STATIC OVERLAYABLE
   CODE SIZE        =     53    ----
   CONSTANT SIZE    =   ----    ----
   XDATA SIZE       =   ----    ----
   PDATA SIZE       =   ----    ----
   DATA SIZE        =   ----    ----
   IDATA SIZE       =   ----    ----
   BIT SIZE         =   ----    ----
END OF MODULE INFORMATION.

C51 COMPILER V9.01   HC595                                                                 11/25/2016 22:59:05 PAGE 2   


C51 COMPILATION COMPLETE.  0 WARNING(S),  0 ERROR(S)
