C51 COMPILER V9.01   18B20                                                                 11/29/2016 18:46:22 PAGE 1   


C51 COMPILER V9.01, COMPILATION OF MODULE 18B20
OBJECT MODULE PLACED IN .\output\18B20.obj
COMPILER INVOKED BY: F:\51\C51\BIN\C51.EXE 18B20.c BROWSE DEBUG OBJECTEXTEND OBJECT(.\output\18B20.obj)

line level    source

   1          #include<reg52.h>
   2          #include"INTRINS.h"
   3          
   4          sbit _18b20_IO = P2^4;
   5          
   6          sbit HC595_SCK = P1^1;
   7          sbit HC595_RCK = P1^0;
   8          sbit HC595_DATA = P1^4;
   9          
  10          code unsigned char Duan_choose[16] = {0x3f,0x06,0x5b,0x4f,0x66,0x6d,0x7d,0x07,0x7f,0x6f,0x77,0x7c,0x39,0x5
             -e,0x79,0x71};
  11          code unsigned char Wei_choose[16] =  {0xfe,0xfd,0xfb,0xf7,0xef,0xdf,0xbf,0x7f,0xfe,0xfd,0xfb,0xf7,0xef,0xd
             -f,0xbf,0x7f};
  12          unsigned int temp;
  13          unsigned char _display[4] = {0};
  14          
  15          
  16          
  17          void TempDelay (unsigned char us)
  18          {
  19   1         while(us--);
  20   1      }
  21          
  22          void delay(unsigned int count) //延时子函数
  23          {
  24   1         unsigned int i;
  25   1         while(count)
  26   1         {
  27   2            i=200;
  28   2            while(i>0)
  29   2            i--;
  30   2            count--;
  31   2         }
  32   1      }
  33          
  34          void Delay1ms(int i)
  35          {
  36   1          int j;
  37   1          for(; i > 0; i--)
  38   1              {
  39   2               for(j = 0; j < 110; j++);
  40   2          }
  41   1      }
  42          
  43          
  44          /*复位子程序*/
  45          void ds_reset()
  46          {
  47   1              _18b20_IO = 0;
  48   1              TempDelay(80);
  49   1              _nop_();
  50   1              _18b20_IO = 1;
  51   1              TempDelay(5);
  52   1              _nop_();
  53   1              _nop_();
C51 COMPILER V9.01   18B20                                                                 11/29/2016 18:46:22 PAGE 2   

  54   1              _nop_();
  55   1      /*      if(0 == _18b20_IO)
  56   1              {
  57   1                      reset_flag = 1;//表明复位成功
  58   1              }
  59   1              else
  60   1              {
  61   1                      reset_flag = 0;//表明复位失败，后续操作无法进行
  62   1              }
  63   1      */
  64   1              TempDelay(20);
  65   1              _nop_();
  66   1              _nop_();
  67   1              _18b20_IO = 1;                  
  68   1      }
  69          
  70          /*18b20写操作*/
  71          void ds_write_byte(unsigned char dat)
  72          {
  73   1              unsigned char i;
  74   1              for(i = 0;i < 8;i++)
  75   1              {
  76   2                      if(1 == (dat&0x01))
  77   2                      {
  78   3                              _18b20_IO = 0;
  79   3                              _nop_();
  80   3                              _nop_();
  81   3                              _18b20_IO = 1;
  82   3                              TempDelay(5);
  83   3                      }
  84   2                      else
  85   2                      {
  86   3                              _18b20_IO = 0;
  87   3                              TempDelay(8);
  88   3                              _18b20_IO = 1;
  89   3                              _nop_();
  90   3                              _nop_();
  91   3                      }
  92   2                      dat >>= 1;
  93   2              }
  94   1      }
  95          
  96          /*18b20读操作*/
  97          unsigned char ds_read_byte()
  98          {
  99   1              unsigned char temp;
 100   1              unsigned char dat=0;
 101   1              unsigned char i;
 102   1              for(i = 0;i < 8;i++)
 103   1              {
 104   2                      _18b20_IO = 0;
 105   2                      _nop_();
 106   2                      _18b20_IO = 1;
 107   2                      _nop_();
 108   2                      _nop_();
 109   2                      temp = _18b20_IO;
 110   2                      TempDelay(10);
 111   2                      dat = (temp << 7)|(dat>>1);
 112   2              }       
 113   1              return dat;
 114   1      }
 115          
C51 COMPILER V9.01   18B20                                                                 11/29/2016 18:46:22 PAGE 3   

 116          /*初始化程序*/
 117          void ds18b20()
 118          {
 119   1         ds_reset(); 
 120   1         delay(1);  //约2ms
 121   1         ds_write_byte(0xcc);
 122   1         ds_write_byte(0x44);
 123   1      }
 124          
 125          
 126          /*从18b20中读取温度*/
 127          unsigned int get_temperature()
 128          {
 129   1         float wendu;
 130   1         unsigned char a,b;
 131   1         ds_reset();
 132   1         delay(1);              //约2ms
 133   1         ds_write_byte(0xcc);
 134   1         ds_write_byte(0xbe);
 135   1         a=ds_read_byte();
 136   1         b=ds_read_byte();
 137   1         temp=b;
 138   1         temp<<=8;
 139   1         temp=temp|a;
 140   1         wendu=temp*0.0625;   //23.4*10 = 234  
 141   1         temp = (unsigned int)(wendu*10+0.5); 
 142   1         return temp;
 143   1      }
 144          
 145          /*数码管发送程序*/
 146          void Send_data(unsigned char duan,unsigned char wei)
 147          {
 148   1              unsigned char i;           //还是用hc595移位寄存器来进行操作，参照着数码管的原理与时序来写程序
 149   1              HC595_RCK = 0;
 150   1              for(i = 0;i < 8;i++)
 151   1              {
 152   2                      HC595_SCK = 0;
 153   2                      if(0 != (duan&0x80))
 154   2                      {
 155   3                              HC595_DATA = 1;
 156   3                      }
 157   2                      else
 158   2                      {
 159   3                              HC595_DATA = 0;
 160   3                      }
 161   2                      HC595_SCK = 1;
 162   2                      duan = duan << 1;
 163   2              }
 164   1              for(i = 0;i < 8;i++)
 165   1              {
 166   2                      HC595_SCK = 0;
 167   2                      if(0 != (wei&0x80))
 168   2                      {
 169   3                              HC595_DATA = 1;
 170   3                      }
 171   2                      else 
 172   2                      {
 173   3                              HC595_DATA = 0;
 174   3                      }
 175   2                      HC595_SCK = 1;
 176   2                      wei = wei << 1;
 177   2              }
C51 COMPILER V9.01   18B20                                                                 11/29/2016 18:46:22 PAGE 4   

 178   1              HC595_RCK = 1;
 179   1      }
 180          
 181          /*数码管显示函数*/
 182          void int_to_hex(unsigned int temp)
 183          {
 184   1              _display[0] = Duan_choose[(temp%1000)/100];//取到百位的值
 185   1              _display[1] = Duan_choose[(temp%100)/10];//取到十位的值
 186   1              _display[2] = Duan_choose[temp%10];//取到个位的值
 187   1              _display[3] = 0x39;
 188   1              _display[1] |= 0x80;
 189   1      } 
 190          
 191          /*主函数*/
 192          void main()
 193          {
 194   1              unsigned char i;
 195   1              unsigned char a;
 196   1              while(1)
 197   1              {
 198   2                  ds18b20();          //12位转换时间最大为750ms
 199   2                  for(a=10;a>0;a--)
 200   2                  {
 201   3                          get_temperature();
 202   3                              int_to_hex(temp);
 203   3                              for(i = 0;i < 4;i++)
 204   3                          {
 205   4                           Send_data(_display[i], Wei_choose[i]);   
 206   4                                   Delay1ms(1);
 207   4                      }         
 208   3                   }
 209   2               }
 210   1      }                               


MODULE INFORMATION:   STATIC OVERLAYABLE
   CODE SIZE        =    504    ----
   CONSTANT SIZE    =     32    ----
   XDATA SIZE       =   ----    ----
   PDATA SIZE       =   ----    ----
   DATA SIZE        =      6       5
   IDATA SIZE       =   ----    ----
   BIT SIZE         =   ----    ----
END OF MODULE INFORMATION.


C51 COMPILATION COMPLETE.  0 WARNING(S),  0 ERROR(S)
