C51 COMPILER V9.01   HC595                                                                 09/10/2016 22:27:42 PAGE 1   


C51 COMPILER V9.01, COMPILATION OF MODULE HC595
OBJECT MODULE PLACED IN .\output\hc595.obj
COMPILER INVOKED BY: F:\51\C51\BIN\C51.EXE source\hc595.c BROWSE DEBUG OBJECTEXTEND PRINT(.\hc595.lst) OBJECT(.\output\h
                    -c595.obj)

line level    source

   1          #include "reg51.h"
   2          #include "include/hc595.h"
   3          
   4          void Send_Data(unsigned char Data_One,unsigned char Data_Two)
   5          {
   6   1              unsigned int i;
   7   1              HC595_RCK = 0;
   8   1              for(i = 0;i < 8;i++)
   9   1              {
  10   2                      HC595_SCK = 0;
  11   2                      if(0 != (Data_One&0x80))
  12   2                      {
  13   3                              HC595_DATA = 1;
  14   3                      }
  15   2                      else
  16   2                      {
  17   3                              HC595_DATA = 0;
  18   3                      }
  19   2                      HC595_SCK = 1;
  20   2                      Data_One = Data_One << 1;
  21   2              }
  22   1              for(i = 0;i < 8;i++)
  23   1              {
  24   2                      HC595_SCK = 0;
  25   2                      if(0 != (Data_Two&0x80))
  26   2                      {
  27   3                              HC595_DATA = 1;
  28   3                      }
  29   2                      else
  30   2                      {
  31   3                              HC595_DATA = 0;
  32   3                      }
  33   2                      HC595_SCK = 1;
  34   2                      Data_Two = Data_Two << 1;
  35   2              }
  36   1              HC595_RCK = 1;
  37   1      }


MODULE INFORMATION:   STATIC OVERLAYABLE
   CODE SIZE        =     69    ----
   CONSTANT SIZE    =   ----    ----
   XDATA SIZE       =   ----    ----
   PDATA SIZE       =   ----    ----
   DATA SIZE        =   ----    ----
   IDATA SIZE       =   ----    ----
   BIT SIZE         =   ----    ----
END OF MODULE INFORMATION.


C51 COMPILATION COMPLETE.  0 WARNING(S),  0 ERROR(S)
