C51 COMPILER V9.01   IO_TO_SERIAL                                                          10/03/2016 12:47:47 PAGE 1   


C51 COMPILER V9.01, COMPILATION OF MODULE IO_TO_SERIAL
OBJECT MODULE PLACED IN IO_To_Serial.OBJ
COMPILER INVOKED BY: F:\51\C51\BIN\C51.EXE IO_To_Serial.c BROWSE DEBUG OBJECTEXTEND

line level    source

   1          #include<reg52.h>
   2          unsigned char Send_Value[1] = {0x59};
   3          
   4          void Send_Data(bit i)
   5          {
   6   1              if(0 != i)
   7   1              {
   8   2                      TXD = 1;
   9   2              }
  10   1              else
  11   1              {
  12   2                      TXD = 0;
  13   2              }
  14   1              TR0 = 1;                  // π∂® ±∆˜0ø™ º‘À––
  15   1              while(!TF0);
  16   1              TR0 = 0;          //πÿ±’∂® ±∆˜0
  17   1              TH0 = 0xff;
  18   1              TL0 = 0xbb;
  19   1              TF0 = 0;                        //T0“Á≥ˆ±Í÷æŒª
  20   1      }
  21          
  22          void Delay(unsigned int i)
  23          {
  24   1              unsigned char j;
  25   1              for(;i > 0;i--)
  26   1              {
  27   2                      for(j = 0;j < 110;j++);
  28   2              }
  29   1      }
  30          
  31          
  32          
  33          
  34          int main()
  35          {
  36   1              unsigned char i;
  37   1              unsigned char a = 0;
  38   1              TMOD |= 0x01;
  39   1              TH0 = 0XFF;
  40   1              TL0 = 0XBB;
  41   1              TXD = 1;
  42   1              while(1)
  43   1              {
  44   2                      TF0 = 0;    //◊º±∏π§◊˜£¨“Á≥ˆ±Í÷æŒª«Â¡„£¨‘⁄√ø“ª¥Œ—≠ª∑≤Ÿ◊˜÷Æ«∞∂º“™«Â¡„
  45   2                      Send_Data(0);  //∑¢ÀÕ∆ ºŒª     ‘⁄Send_Data()∫Ø ˝¿Ô◊‘¥¯◊Ó∫Ûµƒ“Á≥ˆ±Í÷æŒª«Â¡„£¨µ´ «µ±µ⁄“ª¥Œ π”√’‚∏ˆ∫Ø ˝ ±£¨æÕ–
             -Ë“™µ•∂¿µƒ‘⁄«∞√Êº”…œ“ªæ‰«Â¡„
  46   2                      a = Send_Value[0];
  47   2                      for(i = 0;i < 8;i++)
  48   2                      {
  49   3                              Send_Data((bit)(a&0x01));
  50   3                              a = a >> 1;  // πa”““∆£¨“ÚŒ™ «¥”µÕŒªœÚ∏ﬂŒª∑¢£¨À˘“‘√ø“ª¥Œ∂º¥”◊Ó”“±ﬂ”Î0x01œ‡”Î£¨ «1‘Ú1£¨ «0‘Ú0
  51   3                      }
  52   2                      Send_Data(1);  //∑¢ÀÕÕ£÷πŒª
  53   2                      Delay(2000);    
  54   2              }
C51 COMPILER V9.01   IO_TO_SERIAL                                                          10/03/2016 12:47:47 PAGE 2   

  55   1              return 0;
  56   1      }


MODULE INFORMATION:   STATIC OVERLAYABLE
   CODE SIZE        =    101    ----
   CONSTANT SIZE    =   ----    ----
   XDATA SIZE       =   ----    ----
   PDATA SIZE       =   ----    ----
   DATA SIZE        =      1    ----
   IDATA SIZE       =   ----    ----
   BIT SIZE         =   ----       1
END OF MODULE INFORMATION.


C51 COMPILATION COMPLETE.  0 WARNING(S),  0 ERROR(S)
