C51 COMPILER V9.01   TIMER_LED                                                             11/02/2016 00:59:28 PAGE 1   


C51 COMPILER V9.01, COMPILATION OF MODULE TIMER_LED
OBJECT MODULE PLACED IN .\output\Timer_led.obj
COMPILER INVOKED BY: F:\51\C51\BIN\C51.EXE Timer_led.c BROWSE DEBUG OBJECTEXTEND OBJECT(.\output\Timer_led.obj)

line level    source

   1          //用定时器0的工作方式来进行led流水灯的实验
   2          
   3          #include<reg52.h>
   4          
   5          unsigned char k = 0;
   6          unsigned char num = 0;
   7          
   8          
   9          sbit HC595_SCK = P0^5;
  10          sbit HC595_RCK = P0^6;
  11          sbit HC595_DATA = P0^7;
  12          
  13          code unsigned char Led_One[16] = {0x00,0x00,0x00,0x00,0x00,0x00,0x00,0x00,0x80,0x40,0x20,0x10,0x08,0x04,0x
             -02,0x01};
  14          code unsigned char Led_Two[16] = {0x80,0x40,0x20,0x10,0x08,0x04,0x02,0x01,0x00,0x00,0x00,0x00,0x00,0x00,0x
             -00,0x00};
  15          
  16          void Timer1_Init()
  17          {
  18   1              TMOD = 0x00;
  19   1              TH1 = (8192-4608)/32;                      //2^13=8192，单次最高定时时间是8.89ms,本次定时考虑一次定5ms
  20   1              TL1 = (8192-4608)%32;
  21   1              EA = 1;
  22   1              ET1 = 1;
  23   1              TR1 = 1;
  24   1      }
  25          
  26          void Send_data(unsigned char Led8_one,unsigned char Led8_two)
  27          {
  28   1              unsigned char i;
  29   1              HC595_RCK = 0;
  30   1              for(i = 0;i < 8;i++)
  31   1              {
  32   2                      HC595_SCK = 0;
  33   2                      if(0 != (Led8_one&0x80))
  34   2                      {
  35   3                              HC595_DATA = 1;
  36   3                      }
  37   2                      else
  38   2                      {
  39   3                              HC595_DATA = 0;
  40   3                      }
  41   2                      Led8_one = Led8_one << 1;
  42   2                      HC595_SCK = 1;
  43   2              }
  44   1              for(i = 0;i < 8;i++)
  45   1              {
  46   2                      HC595_SCK = 0;
  47   2                      if(0 != (Led8_two&0x80))
  48   2                      {
  49   3                              HC595_DATA = 1;
  50   3                      }
  51   2                      else
  52   2                      {
  53   3                              HC595_DATA = 0;
C51 COMPILER V9.01   TIMER_LED                                                             11/02/2016 00:59:28 PAGE 2   

  54   3                      }
  55   2                      Led8_two = Led8_two << 1;
  56   2                      HC595_SCK = 1;
  57   2              }
  58   1              HC595_RCK = 1;
  59   1      }
  60          
  61          
  62          void main()
  63          {
  64   1              Timer1_Init();
  65   1              while(1)
  66   1              {
  67   2              
  68   2              }       
  69   1      }
  70          
  71          
  72          void interrupt_3() interrupt 3
  73          {
  74   1              TH1 = (8192-4608)/32;
  75   1              TL1 = (8192-4608)%32;
  76   1                      if(num == 200)
  77   1                      {
  78   2                              Send_data(Led_One[k],Led_Two[k]);
  79   2                              if(k == 15)
  80   2                              {
  81   3                                      k = 0;
  82   3                                      //Send_data(Led_One[0],Led_Two[15]);很奇怪，在这个程序中不用加这个消除突闪的语句
  83   3                              }
  84   2                              else
  85   2                              {                                 
  86   3                                      k++;
  87   3                              }
  88   2                              num = 0;
  89   2                      }
  90   1                      else
  91   1                      {
  92   2                              num++;
  93   2                      }
  94   1      }


MODULE INFORMATION:   STATIC OVERLAYABLE
   CODE SIZE        =    153    ----
   CONSTANT SIZE    =     32    ----
   XDATA SIZE       =   ----    ----
   PDATA SIZE       =   ----    ----
   DATA SIZE        =      2    ----
   IDATA SIZE       =   ----    ----
   BIT SIZE         =   ----    ----
END OF MODULE INFORMATION.


C51 COMPILATION COMPLETE.  0 WARNING(S),  0 ERROR(S)
