C51 COMPILER V9.01   MATRIX_BUTTON                                                         11/20/2016 01:10:23 PAGE 1   


C51 COMPILER V9.01, COMPILATION OF MODULE MATRIX_BUTTON
OBJECT MODULE PLACED IN .\output\matrix_button.obj
COMPILER INVOKED BY: F:\51\C51\BIN\C51.EXE matrix_button.c BROWSE DEBUG OBJECTEXTEND OBJECT(.\output\matrix_button.obj)

line level    source

   1          #include<reg52.h>
   2          
   3          /*数码管对应寄存器设置*/
   4          sbit HC595_SCK = P1^1;
   5          sbit HC595_RCK = P1^0;
   6          sbit HC595_DATA = P1^4;
   7          
   8          /*键盘对应IO口设置*/
   9          
  10          unsigned char temp;//用来存储P2口的状态
  11          unsigned char value = 5;//用来记录是哪一个键盘被按下
  12          
  13          /*数码管的段选表和位选表*/
  14          code unsigned char Duan_choose[16] = {0x3f,0x06,0x5b,0x4f,0x66,0x6d,0x7d,0x07,0x7f,0x6f,0x77,0x7c,0x39,0x5
             -e,0x79,0x71};
  15          code unsigned char Wei_choose[8] = {0xfe,0xfd,0xfb,0xf7,0xef,0xdf,0xbf,0x7f};
  16          
  17          /*数码管数据发送函数*/
  18          void Send_data(unsigned char duan,unsigned char wei)
  19          {
  20   1              unsigned char i;           //还是用hc595移位寄存器来进行操作，参照着数码管的原理与时序来写程序
  21   1              HC595_RCK = 0;
  22   1              for(i = 0;i < 8;i++)
  23   1              {
  24   2                      HC595_SCK = 0;
  25   2                      if(0 != (duan&0x80))
  26   2                      {
  27   3                              HC595_DATA = 1;
  28   3                      }
  29   2                      else
  30   2                      {
  31   3                              HC595_DATA = 0;
  32   3                      }
  33   2                      HC595_SCK = 1;
  34   2                      duan = duan << 1;
  35   2              }
  36   1              for(i = 0;i < 8;i++)
  37   1              {
  38   2                      HC595_SCK = 0;
  39   2                      if(0 != (wei&0x80))
  40   2                      {
  41   3                              HC595_DATA = 1;
  42   3                      }
  43   2                      else 
  44   2                      {
  45   3                              HC595_DATA = 0;
  46   3                      }
  47   2                      HC595_SCK = 1;
  48   2                      wei = wei << 1;
  49   2              }
  50   1              HC595_RCK = 1;
  51   1      }
  52          
  53          /*纯延时程序*/
  54          void Delay(unsigned int i)
C51 COMPILER V9.01   MATRIX_BUTTON                                                         11/20/2016 01:10:23 PAGE 2   

  55          {
  56   1              unsigned char j;
  57   1              for(;i > 0;i--)
  58   1              {
  59   2                      for(j = 0;j < 110;j++)
  60   2                      {}
  61   2              }
  62   1      }
  63          
  64          /*矩阵键盘扫描函数*/
  65          void matrix_button_scan()
  66          {
  67   1              /*第一行*/
  68   1              P2 = 0xfe;
  69   1              temp = P2;
  70   1              temp = temp & 0x0f;
  71   1              if(0x0f != temp)
  72   1              {
  73   2                      Delay(10);
  74   2                      temp = P2;
  75   2                      temp = temp & 0x0f;
  76   2                      if(0x0f != temp)
  77   2                      {
  78   3                              temp = P2;
  79   3                              switch(temp)
  80   3                              {
  81   4                                      case 0xee:value = 0;break;
  82   4                                      case 0xde:value = 1;break;
  83   4                                      case 0xbe:value = 2;break;
  84   4                                      case 0x7e:value = 3;break;
  85   4                              }
  86   3                      }
  87   2              }
  88   1              /*第  二  行*/
  89   1              P2 = 0xfd;
  90   1              temp = P2;
  91   1              temp = temp & 0x0f;
  92   1              if(0x0f != temp)
  93   1              {
  94   2                      Delay(10);
  95   2                      temp = P2;
  96   2                      temp = temp & 0x0f;
  97   2                      if(0x0f != temp)
  98   2                      {
  99   3                              temp = P2;
 100   3                              switch(temp)
 101   3                              {
 102   4                                      case 0xed:value = 4;break;
 103   4                                      case 0xdd:value = 5;break;
 104   4                                      case 0xbd:value = 6;break;
 105   4                                      case 0x7d:value = 7;break;
 106   4                              }
 107   3                      }
 108   2              }
 109   1              /*第  三  行*/
 110   1              P2 = 0xfb;
 111   1              temp = P2;
 112   1              temp = temp & 0x0f;
 113   1              if(0x0f != temp)
 114   1              {
 115   2                      Delay(10);
 116   2                      temp = P2;
C51 COMPILER V9.01   MATRIX_BUTTON                                                         11/20/2016 01:10:23 PAGE 3   

 117   2                      temp = temp & 0x0f;
 118   2                      if(0x0f != temp)
 119   2                      {
 120   3                              temp = P2;
 121   3                              switch(temp)
 122   3                              {
 123   4                                      case 0xeb:value = 8;break;
 124   4                                      case 0xdb:value = 9;break;
 125   4                                      case 0xbb:value = 10;break;
 126   4                                      case 0x7b:value = 11;break;
 127   4                              }
 128   3                      }
 129   2              }
 130   1              /*第  四  行*/
 131   1              P2 = 0xf7;
 132   1              temp = P2;
 133   1              temp = temp & 0x0f;
 134   1              if(0x0f != temp)
 135   1              {
 136   2                      Delay(10);
 137   2                      temp = P2;
 138   2                      temp = temp & 0x0f;
 139   2                      if(0x0f != temp)
 140   2                      {
 141   3                              temp = P2;
 142   3                              switch(temp)
 143   3                              {
 144   4                                      case 0xe7:value = 12;break;
 145   4                                      case 0xd7:value = 13;break;
 146   4                                      case 0xb7:value = 14;break;
 147   4                                      case 0x77:value = 15;break;
 148   4                              }
 149   3                      }
 150   2              }
 151   1              Send_data(Duan_choose[value],Wei_choose[0]);
 152   1      }
 153          
 154          
 155          
 156          /*主函数*/
 157          void main()
 158          {
 159   1              while(1)
 160   1              {
 161   2                      matrix_button_scan();
 162   2              }
 163   1      }


MODULE INFORMATION:   STATIC OVERLAYABLE
   CODE SIZE        =    377    ----
   CONSTANT SIZE    =     24    ----
   XDATA SIZE       =   ----    ----
   PDATA SIZE       =   ----    ----
   DATA SIZE        =      2    ----
   IDATA SIZE       =   ----    ----
   BIT SIZE         =   ----    ----
END OF MODULE INFORMATION.


C51 COMPILATION COMPLETE.  0 WARNING(S),  0 ERROR(S)
